<?xml version="1.0" encoding="UTF-8"?>
<!-- Generated by org.testng.reporters.JUnitXMLReporter -->
<testsuite ignored="2" hostname="DESKTOP-5HDMOT8" failures="1" tests="1" name="Job Title Test" time="15.118" errors="0" timestamp="2022-11-09T16:39:04 IST">
  <testcase classname="com.extentReportTest.BaseTest" name="@AfterMethod checkStatus" time="0.199">
    <failure type="java.io.FileNotFoundException" message=".\screenshots\Job Title Test_validateJobTitle.jpg (The system cannot find the path specified)">
      <![CDATA[java.io.FileNotFoundException: .\screenshots\Job Title Test_validateJobTitle.jpg (The system cannot find the path specified)
at java.base/java.io.FileOutputStream.open0(Native Method)
at java.base/java.io.FileOutputStream.open(FileOutputStream.java:293)
at java.base/java.io.FileOutputStream.<init>(FileOutputStream.java:235)
at com.google.common.io.Files$FileByteSink.openStream(Files.java:195)
at com.google.common.io.Files$FileByteSink.openStream(Files.java:183)
at com.google.common.io.ByteSource.copyTo(ByteSource.java:279)
at com.google.common.io.Files.copy(Files.java:326)
at com.extentReportTest.BaseTest.captureScreenShot(BaseTest.java:105)
at com.extentReportTest.BaseTest.checkStatus(BaseTest.java:89)
at java.base/java.util.ArrayList.forEach(ArrayList.java:1511)
... Removed 30 stack frames]]>
    </failure>
  </testcase> <!-- @AfterMethod checkStatus -->
  <testcase classname="com.extentReportTest.TestClass" name="validateJobTitle" time="11.184">
    <failure type="java.lang.AssertionError" message="Job Title not displayed expected [true] but found [false]">
      <![CDATA[java.lang.AssertionError: Job Title not displayed expected [true] but found [false]
at com.extentReportTest.TestClass.validateJobTitle(TestClass.java:55)
at java.base/java.util.ArrayList.forEach(ArrayList.java:1511)
... Removed 28 stack frames]]>
    </failure>
  </testcase> <!-- validateJobTitle -->
  <testcase classname="com.extentReportTest.TestClass" name="validateValidLogin" time="0.0">
    <ignored/>
  </testcase> <!-- validateValidLogin -->
  <testcase classname="com.extentReportTest.TestClass" name="validateLogo" time="0.0">
    <ignored/>
  </testcase> <!-- validateLogo -->
</testsuite> <!-- Job Title Test -->
